2018-12-02 20:34:34,701 org.hibernate.validator.internal.util.Version [background-preinit] (Version.java:21) INFO  --> HV000001: Hibernate Validator 6.0.13.Final
2018-12-02 20:34:35,504 sh.cjc.fm.FmApplication [restartedMain] (StartupInfoLogger.java:50) INFO  --> Starting FmApplication on san-PC with PID 5948 (E:\fm\soft\fm\target\classes started by san in E:\fm\soft\fm)
2018-12-02 20:34:35,506 sh.cjc.fm.FmApplication [restartedMain] (SpringApplication.java:675) INFO  --> No active profile set, falling back to default profiles: default
2018-12-02 20:34:35,678 org.springframework.boot.devtools.env.DevToolsPropertyDefaultsPostProcessor [restartedMain] (DeferredLog.java:227) INFO  --> Devtools property defaults active! Set 'spring.devtools.add-properties' to 'false' to disable
2018-12-02 20:34:35,679 org.springframework.boot.devtools.env.DevToolsPropertyDefaultsPostProcessor [restartedMain] (DeferredLog.java:227) INFO  --> For additional web related logging consider setting the 'logging.level.web' property to 'DEBUG'
2018-12-02 20:34:42,719 org.springframework.boot.web.embedded.tomcat.TomcatWebServer [restartedMain] (TomcatWebServer.java:90) INFO  --> Tomcat initialized with port(s): 8080 (http)
2018-12-02 20:34:43,628 org.springframework.web.context.ContextLoader [restartedMain] (ServletWebServerApplicationContext.java:285) INFO  --> Root WebApplicationContext: initialization completed in 7948 ms
2018-12-02 20:34:43,853 org.springframework.boot.web.servlet.ServletRegistrationBean [restartedMain] (ServletRegistrationBean.java:186) INFO  --> Servlet dispatcherServlet mapped to [/]
2018-12-02 20:34:43,875 org.springframework.boot.web.servlet.FilterRegistrationBean [restartedMain] (AbstractFilterRegistrationBean.java:248) INFO  --> Mapping filter: 'characterEncodingFilter' to: [/*]
2018-12-02 20:34:43,926 org.springframework.boot.web.servlet.FilterRegistrationBean [restartedMain] (AbstractFilterRegistrationBean.java:248) INFO  --> Mapping filter: 'hiddenHttpMethodFilter' to: [/*]
2018-12-02 20:34:43,928 org.springframework.boot.web.servlet.FilterRegistrationBean [restartedMain] (AbstractFilterRegistrationBean.java:248) INFO  --> Mapping filter: 'formContentFilter' to: [/*]
2018-12-02 20:34:43,929 org.springframework.boot.web.servlet.FilterRegistrationBean [restartedMain] (AbstractFilterRegistrationBean.java:248) INFO  --> Mapping filter: 'requestContextFilter' to: [/*]
2018-12-02 20:34:46,149 org.springframework.scheduling.concurrent.ThreadPoolTaskExecutor [restartedMain] (ExecutorConfigurationSupport.java:171) INFO  --> Initializing ExecutorService 'applicationTaskExecutor'
2018-12-02 20:34:46,600 org.springframework.boot.autoconfigure.thymeleaf.ThymeleafAutoConfiguration$DefaultTemplateResolverConfiguration [restartedMain] (ThymeleafAutoConfiguration.java:108) WARN  --> Cannot find template location: classpath:/templates/ (please add some templates or check your Thymeleaf configuration)
2018-12-02 20:34:47,362 org.springframework.boot.devtools.autoconfigure.OptionalLiveReloadServer [restartedMain] (OptionalLiveReloadServer.java:57) INFO  --> LiveReload server is running on port 35729
2018-12-02 20:34:47,644 org.springframework.boot.web.embedded.tomcat.TomcatWebServer [restartedMain] (TomcatWebServer.java:204) INFO  --> Tomcat started on port(s): 8080 (http) with context path ''
2018-12-02 20:34:47,728 sh.cjc.fm.FmApplication [restartedMain] (StartupInfoLogger.java:59) INFO  --> Started FmApplication in 13.273 seconds (JVM running for 15.167)
2018-12-02 20:35:01,068 org.springframework.web.servlet.DispatcherServlet [http-nio-8080-exec-7] (FrameworkServlet.java:521) INFO  --> Initializing Servlet 'dispatcherServlet'
2018-12-02 20:35:01,091 org.springframework.web.servlet.DispatcherServlet [http-nio-8080-exec-7] (FrameworkServlet.java:543) INFO  --> Completed initialization in 22 ms
2018-12-02 20:35:01,186 com.zaxxer.hikari.HikariDataSource [http-nio-8080-exec-7] (HikariDataSource.java:110) INFO  --> HikariPool-1 - Starting...
2018-12-02 20:35:01,568 com.zaxxer.hikari.HikariDataSource [http-nio-8080-exec-7] (HikariDataSource.java:123) INFO  --> HikariPool-1 - Start completed.
2018-12-02 20:38:26,324 org.springframework.scheduling.concurrent.ThreadPoolTaskExecutor [Thread-5] (ExecutorConfigurationSupport.java:208) INFO  --> Shutting down ExecutorService 'applicationTaskExecutor'
2018-12-02 20:38:26,339 com.zaxxer.hikari.HikariDataSource [Thread-5] (HikariDataSource.java:350) INFO  --> HikariPool-1 - Shutdown initiated...
2018-12-02 20:38:26,494 com.zaxxer.hikari.HikariDataSource [Thread-5] (HikariDataSource.java:352) INFO  --> HikariPool-1 - Shutdown completed.
2018-12-02 20:38:31,197 org.springframework.boot.devtools.env.DevToolsPropertyDefaultsPostProcessor [restartedMain] (DeferredLog.java:227) INFO  --> Devtools property defaults active! Set 'spring.devtools.add-properties' to 'false' to disable
2018-12-02 20:38:31,197 org.springframework.boot.devtools.env.DevToolsPropertyDefaultsPostProcessor [restartedMain] (DeferredLog.java:227) INFO  --> For additional web related logging consider setting the 'logging.level.web' property to 'DEBUG'
2018-12-02 20:38:31,226 sh.cjc.fm.FmApplication [restartedMain] (StartupInfoLogger.java:50) INFO  --> Starting FmApplication on san-PC with PID 5948 (E:\fm\soft\fm\target\classes started by san in E:\fm\soft\fm)
2018-12-02 20:38:31,227 sh.cjc.fm.FmApplication [restartedMain] (SpringApplication.java:675) INFO  --> No active profile set, falling back to default profiles: default
2018-12-02 20:38:32,448 org.springframework.boot.web.embedded.tomcat.TomcatWebServer [restartedMain] (TomcatWebServer.java:90) INFO  --> Tomcat initialized with port(s): 8080 (http)
2018-12-02 20:38:32,530 org.springframework.web.context.ContextLoader [restartedMain] (ServletWebServerApplicationContext.java:285) INFO  --> Root WebApplicationContext: initialization completed in 1296 ms
2018-12-02 20:38:32,546 org.springframework.boot.web.servlet.ServletRegistrationBean [restartedMain] (ServletRegistrationBean.java:186) INFO  --> Servlet dispatcherServlet mapped to [/]
2018-12-02 20:38:32,548 org.springframework.boot.web.servlet.FilterRegistrationBean [restartedMain] (AbstractFilterRegistrationBean.java:248) INFO  --> Mapping filter: 'characterEncodingFilter' to: [/*]
2018-12-02 20:38:32,548 org.springframework.boot.web.servlet.FilterRegistrationBean [restartedMain] (AbstractFilterRegistrationBean.java:248) INFO  --> Mapping filter: 'hiddenHttpMethodFilter' to: [/*]
2018-12-02 20:38:32,548 org.springframework.boot.web.servlet.FilterRegistrationBean [restartedMain] (AbstractFilterRegistrationBean.java:248) INFO  --> Mapping filter: 'formContentFilter' to: [/*]
2018-12-02 20:38:32,549 org.springframework.boot.web.servlet.FilterRegistrationBean [restartedMain] (AbstractFilterRegistrationBean.java:248) INFO  --> Mapping filter: 'requestContextFilter' to: [/*]
2018-12-02 20:38:34,124 org.springframework.scheduling.concurrent.ThreadPoolTaskExecutor [restartedMain] (ExecutorConfigurationSupport.java:171) INFO  --> Initializing ExecutorService 'applicationTaskExecutor'
2018-12-02 20:38:34,289 org.springframework.boot.autoconfigure.thymeleaf.ThymeleafAutoConfiguration$DefaultTemplateResolverConfiguration [restartedMain] (ThymeleafAutoConfiguration.java:108) WARN  --> Cannot find template location: classpath:/templates/ (please add some templates or check your Thymeleaf configuration)
2018-12-02 20:38:34,416 org.springframework.boot.devtools.autoconfigure.OptionalLiveReloadServer [restartedMain] (OptionalLiveReloadServer.java:57) INFO  --> LiveReload server is running on port 35729
2018-12-02 20:38:34,688 org.springframework.boot.web.embedded.tomcat.TomcatWebServer [restartedMain] (TomcatWebServer.java:204) INFO  --> Tomcat started on port(s): 8080 (http) with context path ''
2018-12-02 20:38:34,690 sh.cjc.fm.FmApplication [restartedMain] (StartupInfoLogger.java:59) INFO  --> Started FmApplication in 3.536 seconds (JVM running for 242.125)
2018-12-02 20:38:34,695 org.springframework.boot.devtools.autoconfigure.ConditionEvaluationDeltaLoggingListener [restartedMain] (ConditionEvaluationDeltaLoggingListener.java:56) INFO  --> Condition evaluation unchanged
2018-12-02 20:39:41,252 org.springframework.scheduling.concurrent.ThreadPoolTaskExecutor [Thread-9] (ExecutorConfigurationSupport.java:208) INFO  --> Shutting down ExecutorService 'applicationTaskExecutor'
2018-12-02 20:39:43,015 org.springframework.boot.devtools.env.DevToolsPropertyDefaultsPostProcessor [restartedMain] (DeferredLog.java:227) INFO  --> Devtools property defaults active! Set 'spring.devtools.add-properties' to 'false' to disable
2018-12-02 20:39:43,016 org.springframework.boot.devtools.env.DevToolsPropertyDefaultsPostProcessor [restartedMain] (DeferredLog.java:227) INFO  --> For additional web related logging consider setting the 'logging.level.web' property to 'DEBUG'
2018-12-02 20:39:43,409 org.springframework.boot.SpringApplication [restartedMain] (SpringApplication.java:858) ERROR --> Application run failed
java.lang.IllegalStateException: java.io.FileNotFoundException: E:\fm\soft\fm\src\main\resources\log4j.properties (系统找不到指定的文件。)
	at org.springframework.boot.context.logging.LoggingApplicationListener.initializeSystem(LoggingApplicationListener.java:302)
	at org.springframework.boot.context.logging.LoggingApplicationListener.initialize(LoggingApplicationListener.java:263)
	at org.springframework.boot.context.logging.LoggingApplicationListener.onApplicationEnvironmentPreparedEvent(LoggingApplicationListener.java:226)
	at org.springframework.boot.context.logging.LoggingApplicationListener.onApplicationEvent(LoggingApplicationListener.java:199)
	at org.springframework.context.event.SimpleApplicationEventMulticaster.doInvokeListener(SimpleApplicationEventMulticaster.java:172)
	at org.springframework.context.event.SimpleApplicationEventMulticaster.invokeListener(SimpleApplicationEventMulticaster.java:165)
	at org.springframework.context.event.SimpleApplicationEventMulticaster.multicastEvent(SimpleApplicationEventMulticaster.java:139)
	at org.springframework.context.event.SimpleApplicationEventMulticaster.multicastEvent(SimpleApplicationEventMulticaster.java:127)
	at org.springframework.boot.context.event.EventPublishingRunListener.environmentPrepared(EventPublishingRunListener.java:75)
	at org.springframework.boot.SpringApplicationRunListeners.environmentPrepared(SpringApplicationRunListeners.java:54)
	at org.springframework.boot.SpringApplication.prepareEnvironment(SpringApplication.java:347)
	at org.springframework.boot.SpringApplication.run(SpringApplication.java:306)
	at org.springframework.boot.SpringApplication.run(SpringApplication.java:1260)
	at org.springframework.boot.SpringApplication.run(SpringApplication.java:1248)
	at sh.cjc.fm.FmApplication.main(FmApplication.java:12)
	at java.base/jdk.internal.reflect.NativeMethodAccessorImpl.invoke0(Native Method)
	at java.base/jdk.internal.reflect.NativeMethodAccessorImpl.invoke(NativeMethodAccessorImpl.java:62)
	at java.base/jdk.internal.reflect.DelegatingMethodAccessorImpl.invoke(DelegatingMethodAccessorImpl.java:43)
	at java.base/java.lang.reflect.Method.invoke(Method.java:564)
	at org.springframework.boot.devtools.restart.RestartLauncher.run(RestartLauncher.java:49)
Caused by: java.io.FileNotFoundException: E:\fm\soft\fm\src\main\resources\log4j.properties (系统找不到指定的文件。)
	at java.base/java.io.FileInputStream.open0(Native Method)
	at java.base/java.io.FileInputStream.open(FileInputStream.java:196)
	at java.base/java.io.FileInputStream.<init>(FileInputStream.java:139)
	at java.base/java.io.FileInputStream.<init>(FileInputStream.java:94)
	at java.base/sun.net.www.protocol.file.FileURLConnection.connect(FileURLConnection.java:86)
	at java.base/sun.net.www.protocol.file.FileURLConnection.getInputStream(FileURLConnection.java:184)
	at java.base/java.net.URL.openStream(URL.java:1117)
	at org.springframework.boot.context.logging.LoggingApplicationListener.initializeSystem(LoggingApplicationListener.java:294)
	... 19 more
2018-12-02 20:39:44,922 org.springframework.boot.devtools.env.DevToolsPropertyDefaultsPostProcessor [restartedMain] (DeferredLog.java:227) INFO  --> Devtools property defaults active! Set 'spring.devtools.add-properties' to 'false' to disable
2018-12-02 20:39:44,923 org.springframework.boot.devtools.env.DevToolsPropertyDefaultsPostProcessor [restartedMain] (DeferredLog.java:227) INFO  --> For additional web related logging consider setting the 'logging.level.web' property to 'DEBUG'
2018-12-02 20:39:44,930 org.springframework.boot.SpringApplication [restartedMain] (SpringApplication.java:858) ERROR --> Application run failed
java.lang.IllegalStateException: java.io.FileNotFoundException: E:\fm\soft\fm\src\main\resources\log4j.properties (系统找不到指定的文件。)
	at org.springframework.boot.context.logging.LoggingApplicationListener.initializeSystem(LoggingApplicationListener.java:302)
	at org.springframework.boot.context.logging.LoggingApplicationListener.initialize(LoggingApplicationListener.java:263)
	at org.springframework.boot.context.logging.LoggingApplicationListener.onApplicationEnvironmentPreparedEvent(LoggingApplicationListener.java:226)
	at org.springframework.boot.context.logging.LoggingApplicationListener.onApplicationEvent(LoggingApplicationListener.java:199)
	at org.springframework.context.event.SimpleApplicationEventMulticaster.doInvokeListener(SimpleApplicationEventMulticaster.java:172)
	at org.springframework.context.event.SimpleApplicationEventMulticaster.invokeListener(SimpleApplicationEventMulticaster.java:165)
	at org.springframework.context.event.SimpleApplicationEventMulticaster.multicastEvent(SimpleApplicationEventMulticaster.java:139)
	at org.springframework.context.event.SimpleApplicationEventMulticaster.multicastEvent(SimpleApplicationEventMulticaster.java:127)
	at org.springframework.boot.context.event.EventPublishingRunListener.environmentPrepared(EventPublishingRunListener.java:75)
	at org.springframework.boot.SpringApplicationRunListeners.environmentPrepared(SpringApplicationRunListeners.java:54)
	at org.springframework.boot.SpringApplication.prepareEnvironment(SpringApplication.java:347)
	at org.springframework.boot.SpringApplication.run(SpringApplication.java:306)
	at org.springframework.boot.SpringApplication.run(SpringApplication.java:1260)
	at org.springframework.boot.SpringApplication.run(SpringApplication.java:1248)
	at sh.cjc.fm.FmApplication.main(FmApplication.java:12)
	at java.base/jdk.internal.reflect.NativeMethodAccessorImpl.invoke0(Native Method)
	at java.base/jdk.internal.reflect.NativeMethodAccessorImpl.invoke(NativeMethodAccessorImpl.java:62)
	at java.base/jdk.internal.reflect.DelegatingMethodAccessorImpl.invoke(DelegatingMethodAccessorImpl.java:43)
	at java.base/java.lang.reflect.Method.invoke(Method.java:564)
	at org.springframework.boot.devtools.restart.RestartLauncher.run(RestartLauncher.java:49)
Caused by: java.io.FileNotFoundException: E:\fm\soft\fm\src\main\resources\log4j.properties (系统找不到指定的文件。)
	at java.base/java.io.FileInputStream.open0(Native Method)
	at java.base/java.io.FileInputStream.open(FileInputStream.java:196)
	at java.base/java.io.FileInputStream.<init>(FileInputStream.java:139)
	at java.base/java.io.FileInputStream.<init>(FileInputStream.java:94)
	at java.base/sun.net.www.protocol.file.FileURLConnection.connect(FileURLConnection.java:86)
	at java.base/sun.net.www.protocol.file.FileURLConnection.getInputStream(FileURLConnection.java:184)
	at java.base/java.net.URL.openStream(URL.java:1117)
	at org.springframework.boot.context.logging.LoggingApplicationListener.initializeSystem(LoggingApplicationListener.java:294)
	... 19 more
2018-12-02 20:39:46,521 org.springframework.boot.devtools.env.DevToolsPropertyDefaultsPostProcessor [restartedMain] (DeferredLog.java:227) INFO  --> Devtools property defaults active! Set 'spring.devtools.add-properties' to 'false' to disable
2018-12-02 20:39:46,522 org.springframework.boot.devtools.env.DevToolsPropertyDefaultsPostProcessor [restartedMain] (DeferredLog.java:227) INFO  --> For additional web related logging consider setting the 'logging.level.web' property to 'DEBUG'
2018-12-02 20:39:46,527 org.springframework.boot.SpringApplication [restartedMain] (SpringApplication.java:858) ERROR --> Application run failed
java.lang.IllegalStateException: java.io.FileNotFoundException: E:\fm\soft\fm\src\main\resources\log4j.properties (系统找不到指定的文件。)
	at org.springframework.boot.context.logging.LoggingApplicationListener.initializeSystem(LoggingApplicationListener.java:302)
	at org.springframework.boot.context.logging.LoggingApplicationListener.initialize(LoggingApplicationListener.java:263)
	at org.springframework.boot.context.logging.LoggingApplicationListener.onApplicationEnvironmentPreparedEvent(LoggingApplicationListener.java:226)
	at org.springframework.boot.context.logging.LoggingApplicationListener.onApplicationEvent(LoggingApplicationListener.java:199)
	at org.springframework.context.event.SimpleApplicationEventMulticaster.doInvokeListener(SimpleApplicationEventMulticaster.java:172)
	at org.springframework.context.event.SimpleApplicationEventMulticaster.invokeListener(SimpleApplicationEventMulticaster.java:165)
	at org.springframework.context.event.SimpleApplicationEventMulticaster.multicastEvent(SimpleApplicationEventMulticaster.java:139)
	at org.springframework.context.event.SimpleApplicationEventMulticaster.multicastEvent(SimpleApplicationEventMulticaster.java:127)
	at org.springframework.boot.context.event.EventPublishingRunListener.environmentPrepared(EventPublishingRunListener.java:75)
	at org.springframework.boot.SpringApplicationRunListeners.environmentPrepared(SpringApplicationRunListeners.java:54)
	at org.springframework.boot.SpringApplication.prepareEnvironment(SpringApplication.java:347)
	at org.springframework.boot.SpringApplication.run(SpringApplication.java:306)
	at org.springframework.boot.SpringApplication.run(SpringApplication.java:1260)
	at org.springframework.boot.SpringApplication.run(SpringApplication.java:1248)
	at sh.cjc.fm.FmApplication.main(FmApplication.java:12)
	at java.base/jdk.internal.reflect.NativeMethodAccessorImpl.invoke0(Native Method)
	at java.base/jdk.internal.reflect.NativeMethodAccessorImpl.invoke(NativeMethodAccessorImpl.java:62)
	at java.base/jdk.internal.reflect.DelegatingMethodAccessorImpl.invoke(DelegatingMethodAccessorImpl.java:43)
	at java.base/java.lang.reflect.Method.invoke(Method.java:564)
	at org.springframework.boot.devtools.restart.RestartLauncher.run(RestartLauncher.java:49)
Caused by: java.io.FileNotFoundException: E:\fm\soft\fm\src\main\resources\log4j.properties (系统找不到指定的文件。)
	at java.base/java.io.FileInputStream.open0(Native Method)
	at java.base/java.io.FileInputStream.open(FileInputStream.java:196)
	at java.base/java.io.FileInputStream.<init>(FileInputStream.java:139)
	at java.base/java.io.FileInputStream.<init>(FileInputStream.java:94)
	at java.base/sun.net.www.protocol.file.FileURLConnection.connect(FileURLConnection.java:86)
	at java.base/sun.net.www.protocol.file.FileURLConnection.getInputStream(FileURLConnection.java:184)
	at java.base/java.net.URL.openStream(URL.java:1117)
	at org.springframework.boot.context.logging.LoggingApplicationListener.initializeSystem(LoggingApplicationListener.java:294)
	... 19 more
2018-12-02 20:40:18,529 org.springframework.boot.devtools.env.DevToolsPropertyDefaultsPostProcessor [restartedMain] (DeferredLog.java:227) INFO  --> Devtools property defaults active! Set 'spring.devtools.add-properties' to 'false' to disable
2018-12-02 20:40:18,530 org.springframework.boot.devtools.env.DevToolsPropertyDefaultsPostProcessor [restartedMain] (DeferredLog.java:227) INFO  --> For additional web related logging consider setting the 'logging.level.web' property to 'DEBUG'
2018-12-02 20:40:18,537 org.springframework.boot.SpringApplication [restartedMain] (SpringApplication.java:858) ERROR --> Application run failed
java.lang.IllegalStateException: java.io.FileNotFoundException: E:\fm\soft\fm\src\main\resources\log4j.properties (系统找不到指定的文件。)
	at org.springframework.boot.context.logging.LoggingApplicationListener.initializeSystem(LoggingApplicationListener.java:302)
	at org.springframework.boot.context.logging.LoggingApplicationListener.initialize(LoggingApplicationListener.java:263)
	at org.springframework.boot.context.logging.LoggingApplicationListener.onApplicationEnvironmentPreparedEvent(LoggingApplicationListener.java:226)
	at org.springframework.boot.context.logging.LoggingApplicationListener.onApplicationEvent(LoggingApplicationListener.java:199)
	at org.springframework.context.event.SimpleApplicationEventMulticaster.doInvokeListener(SimpleApplicationEventMulticaster.java:172)
	at org.springframework.context.event.SimpleApplicationEventMulticaster.invokeListener(SimpleApplicationEventMulticaster.java:165)
	at org.springframework.context.event.SimpleApplicationEventMulticaster.multicastEvent(SimpleApplicationEventMulticaster.java:139)
	at org.springframework.context.event.SimpleApplicationEventMulticaster.multicastEvent(SimpleApplicationEventMulticaster.java:127)
	at org.springframework.boot.context.event.EventPublishingRunListener.environmentPrepared(EventPublishingRunListener.java:75)
	at org.springframework.boot.SpringApplicationRunListeners.environmentPrepared(SpringApplicationRunListeners.java:54)
	at org.springframework.boot.SpringApplication.prepareEnvironment(SpringApplication.java:347)
	at org.springframework.boot.SpringApplication.run(SpringApplication.java:306)
	at org.springframework.boot.SpringApplication.run(SpringApplication.java:1260)
	at org.springframework.boot.SpringApplication.run(SpringApplication.java:1248)
	at sh.cjc.fm.FmApplication.main(FmApplication.java:12)
	at java.base/jdk.internal.reflect.NativeMethodAccessorImpl.invoke0(Native Method)
	at java.base/jdk.internal.reflect.NativeMethodAccessorImpl.invoke(NativeMethodAccessorImpl.java:62)
	at java.base/jdk.internal.reflect.DelegatingMethodAccessorImpl.invoke(DelegatingMethodAccessorImpl.java:43)
	at java.base/java.lang.reflect.Method.invoke(Method.java:564)
	at org.springframework.boot.devtools.restart.RestartLauncher.run(RestartLauncher.java:49)
Caused by: java.io.FileNotFoundException: E:\fm\soft\fm\src\main\resources\log4j.properties (系统找不到指定的文件。)
	at java.base/java.io.FileInputStream.open0(Native Method)
	at java.base/java.io.FileInputStream.open(FileInputStream.java:196)
	at java.base/java.io.FileInputStream.<init>(FileInputStream.java:139)
	at java.base/java.io.FileInputStream.<init>(FileInputStream.java:94)
	at java.base/sun.net.www.protocol.file.FileURLConnection.connect(FileURLConnection.java:86)
	at java.base/sun.net.www.protocol.file.FileURLConnection.getInputStream(FileURLConnection.java:184)
	at java.base/java.net.URL.openStream(URL.java:1117)
	at org.springframework.boot.context.logging.LoggingApplicationListener.initializeSystem(LoggingApplicationListener.java:294)
	... 19 more
2018-12-02 20:40:20,494 org.springframework.boot.devtools.env.DevToolsPropertyDefaultsPostProcessor [restartedMain] (DeferredLog.java:227) INFO  --> Devtools property defaults active! Set 'spring.devtools.add-properties' to 'false' to disable
2018-12-02 20:40:20,495 org.springframework.boot.devtools.env.DevToolsPropertyDefaultsPostProcessor [restartedMain] (DeferredLog.java:227) INFO  --> For additional web related logging consider setting the 'logging.level.web' property to 'DEBUG'
2018-12-02 20:40:20,520 org.springframework.boot.SpringApplication [restartedMain] (SpringApplication.java:858) ERROR --> Application run failed
java.lang.IllegalStateException: java.io.FileNotFoundException: E:\fm\soft\fm\src\main\resources\log4j.properties (系统找不到指定的文件。)
	at org.springframework.boot.context.logging.LoggingApplicationListener.initializeSystem(LoggingApplicationListener.java:302)
	at org.springframework.boot.context.logging.LoggingApplicationListener.initialize(LoggingApplicationListener.java:263)
	at org.springframework.boot.context.logging.LoggingApplicationListener.onApplicationEnvironmentPreparedEvent(LoggingApplicationListener.java:226)
	at org.springframework.boot.context.logging.LoggingApplicationListener.onApplicationEvent(LoggingApplicationListener.java:199)
	at org.springframework.context.event.SimpleApplicationEventMulticaster.doInvokeListener(SimpleApplicationEventMulticaster.java:172)
	at org.springframework.context.event.SimpleApplicationEventMulticaster.invokeListener(SimpleApplicationEventMulticaster.java:165)
	at org.springframework.context.event.SimpleApplicationEventMulticaster.multicastEvent(SimpleApplicationEventMulticaster.java:139)
	at org.springframework.context.event.SimpleApplicationEventMulticaster.multicastEvent(SimpleApplicationEventMulticaster.java:127)
	at org.springframework.boot.context.event.EventPublishingRunListener.environmentPrepared(EventPublishingRunListener.java:75)
	at org.springframework.boot.SpringApplicationRunListeners.environmentPrepared(SpringApplicationRunListeners.java:54)
	at org.springframework.boot.SpringApplication.prepareEnvironment(SpringApplication.java:347)
	at org.springframework.boot.SpringApplication.run(SpringApplication.java:306)
	at org.springframework.boot.SpringApplication.run(SpringApplication.java:1260)
	at org.springframework.boot.SpringApplication.run(SpringApplication.java:1248)
	at sh.cjc.fm.FmApplication.main(FmApplication.java:12)
	at java.base/jdk.internal.reflect.NativeMethodAccessorImpl.invoke0(Native Method)
	at java.base/jdk.internal.reflect.NativeMethodAccessorImpl.invoke(NativeMethodAccessorImpl.java:62)
	at java.base/jdk.internal.reflect.DelegatingMethodAccessorImpl.invoke(DelegatingMethodAccessorImpl.java:43)
	at java.base/java.lang.reflect.Method.invoke(Method.java:564)
	at org.springframework.boot.devtools.restart.RestartLauncher.run(RestartLauncher.java:49)
Caused by: java.io.FileNotFoundException: E:\fm\soft\fm\src\main\resources\log4j.properties (系统找不到指定的文件。)
	at java.base/java.io.FileInputStream.open0(Native Method)
	at java.base/java.io.FileInputStream.open(FileInputStream.java:196)
	at java.base/java.io.FileInputStream.<init>(FileInputStream.java:139)
	at java.base/java.io.FileInputStream.<init>(FileInputStream.java:94)
	at java.base/sun.net.www.protocol.file.FileURLConnection.connect(FileURLConnection.java:86)
	at java.base/sun.net.www.protocol.file.FileURLConnection.getInputStream(FileURLConnection.java:184)
	at java.base/java.net.URL.openStream(URL.java:1117)
	at org.springframework.boot.context.logging.LoggingApplicationListener.initializeSystem(LoggingApplicationListener.java:294)
	... 19 more
2018-12-02 20:40:34,630 org.springframework.boot.devtools.env.DevToolsPropertyDefaultsPostProcessor [restartedMain] (DeferredLog.java:227) INFO  --> Devtools property defaults active! Set 'spring.devtools.add-properties' to 'false' to disable
2018-12-02 20:40:34,631 org.springframework.boot.devtools.env.DevToolsPropertyDefaultsPostProcessor [restartedMain] (DeferredLog.java:227) INFO  --> For additional web related logging consider setting the 'logging.level.web' property to 'DEBUG'
2018-12-02 20:40:34,644 org.springframework.boot.SpringApplication [restartedMain] (SpringApplication.java:858) ERROR --> Application run failed
java.lang.IllegalStateException: java.io.FileNotFoundException: E:\fm\soft\fm\src\main\resources\log4j.properties (系统找不到指定的文件。)
	at org.springframework.boot.context.logging.LoggingApplicationListener.initializeSystem(LoggingApplicationListener.java:302)
	at org.springframework.boot.context.logging.LoggingApplicationListener.initialize(LoggingApplicationListener.java:263)
	at org.springframework.boot.context.logging.LoggingApplicationListener.onApplicationEnvironmentPreparedEvent(LoggingApplicationListener.java:226)
	at org.springframework.boot.context.logging.LoggingApplicationListener.onApplicationEvent(LoggingApplicationListener.java:199)
	at org.springframework.context.event.SimpleApplicationEventMulticaster.doInvokeListener(SimpleApplicationEventMulticaster.java:172)
	at org.springframework.context.event.SimpleApplicationEventMulticaster.invokeListener(SimpleApplicationEventMulticaster.java:165)
	at org.springframework.context.event.SimpleApplicationEventMulticaster.multicastEvent(SimpleApplicationEventMulticaster.java:139)
	at org.springframework.context.event.SimpleApplicationEventMulticaster.multicastEvent(SimpleApplicationEventMulticaster.java:127)
	at org.springframework.boot.context.event.EventPublishingRunListener.environmentPrepared(EventPublishingRunListener.java:75)
	at org.springframework.boot.SpringApplicationRunListeners.environmentPrepared(SpringApplicationRunListeners.java:54)
	at org.springframework.boot.SpringApplication.prepareEnvironment(SpringApplication.java:347)
	at org.springframework.boot.SpringApplication.run(SpringApplication.java:306)
	at org.springframework.boot.SpringApplication.run(SpringApplication.java:1260)
	at org.springframework.boot.SpringApplication.run(SpringApplication.java:1248)
	at sh.cjc.fm.FmApplication.main(FmApplication.java:12)
	at java.base/jdk.internal.reflect.NativeMethodAccessorImpl.invoke0(Native Method)
	at java.base/jdk.internal.reflect.NativeMethodAccessorImpl.invoke(NativeMethodAccessorImpl.java:62)
	at java.base/jdk.internal.reflect.DelegatingMethodAccessorImpl.invoke(DelegatingMethodAccessorImpl.java:43)
	at java.base/java.lang.reflect.Method.invoke(Method.java:564)
	at org.springframework.boot.devtools.restart.RestartLauncher.run(RestartLauncher.java:49)
Caused by: java.io.FileNotFoundException: E:\fm\soft\fm\src\main\resources\log4j.properties (系统找不到指定的文件。)
	at java.base/java.io.FileInputStream.open0(Native Method)
	at java.base/java.io.FileInputStream.open(FileInputStream.java:196)
	at java.base/java.io.FileInputStream.<init>(FileInputStream.java:139)
	at java.base/java.io.FileInputStream.<init>(FileInputStream.java:94)
	at java.base/sun.net.www.protocol.file.FileURLConnection.connect(FileURLConnection.java:86)
	at java.base/sun.net.www.protocol.file.FileURLConnection.getInputStream(FileURLConnection.java:184)
	at java.base/java.net.URL.openStream(URL.java:1117)
	at org.springframework.boot.context.logging.LoggingApplicationListener.initializeSystem(LoggingApplicationListener.java:294)
	... 19 more
2018-12-02 20:40:40,359 org.springframework.boot.devtools.env.DevToolsPropertyDefaultsPostProcessor [restartedMain] (DeferredLog.java:227) INFO  --> Devtools property defaults active! Set 'spring.devtools.add-properties' to 'false' to disable
2018-12-02 20:40:40,360 org.springframework.boot.devtools.env.DevToolsPropertyDefaultsPostProcessor [restartedMain] (DeferredLog.java:227) INFO  --> For additional web related logging consider setting the 'logging.level.web' property to 'DEBUG'
2018-12-02 20:40:40,923 org.springframework.boot.SpringApplication [restartedMain] (SpringApplication.java:858) ERROR --> Application run failed
java.lang.IllegalStateException: java.io.FileNotFoundException: E:\fm\soft\fm\src\main\resources\log4j.properties (系统找不到指定的文件。)
	at org.springframework.boot.context.logging.LoggingApplicationListener.initializeSystem(LoggingApplicationListener.java:302)
	at org.springframework.boot.context.logging.LoggingApplicationListener.initialize(LoggingApplicationListener.java:263)
	at org.springframework.boot.context.logging.LoggingApplicationListener.onApplicationEnvironmentPreparedEvent(LoggingApplicationListener.java:226)
	at org.springframework.boot.context.logging.LoggingApplicationListener.onApplicationEvent(LoggingApplicationListener.java:199)
	at org.springframework.context.event.SimpleApplicationEventMulticaster.doInvokeListener(SimpleApplicationEventMulticaster.java:172)
	at org.springframework.context.event.SimpleApplicationEventMulticaster.invokeListener(SimpleApplicationEventMulticaster.java:165)
	at org.springframework.context.event.SimpleApplicationEventMulticaster.multicastEvent(SimpleApplicationEventMulticaster.java:139)
	at org.springframework.context.event.SimpleApplicationEventMulticaster.multicastEvent(SimpleApplicationEventMulticaster.java:127)
	at org.springframework.boot.context.event.EventPublishingRunListener.environmentPrepared(EventPublishingRunListener.java:75)
	at org.springframework.boot.SpringApplicationRunListeners.environmentPrepared(SpringApplicationRunListeners.java:54)
	at org.springframework.boot.SpringApplication.prepareEnvironment(SpringApplication.java:347)
	at org.springframework.boot.SpringApplication.run(SpringApplication.java:306)
	at org.springframework.boot.SpringApplication.run(SpringApplication.java:1260)
	at org.springframework.boot.SpringApplication.run(SpringApplication.java:1248)
	at sh.cjc.fm.FmApplication.main(FmApplication.java:12)
	at java.base/jdk.internal.reflect.NativeMethodAccessorImpl.invoke0(Native Method)
	at java.base/jdk.internal.reflect.NativeMethodAccessorImpl.invoke(NativeMethodAccessorImpl.java:62)
	at java.base/jdk.internal.reflect.DelegatingMethodAccessorImpl.invoke(DelegatingMethodAccessorImpl.java:43)
	at java.base/java.lang.reflect.Method.invoke(Method.java:564)
	at org.springframework.boot.devtools.restart.RestartLauncher.run(RestartLauncher.java:49)
Caused by: java.io.FileNotFoundException: E:\fm\soft\fm\src\main\resources\log4j.properties (系统找不到指定的文件。)
	at java.base/java.io.FileInputStream.open0(Native Method)
	at java.base/java.io.FileInputStream.open(FileInputStream.java:196)
	at java.base/java.io.FileInputStream.<init>(FileInputStream.java:139)
	at java.base/java.io.FileInputStream.<init>(FileInputStream.java:94)
	at java.base/sun.net.www.protocol.file.FileURLConnection.connect(FileURLConnection.java:86)
	at java.base/sun.net.www.protocol.file.FileURLConnection.getInputStream(FileURLConnection.java:184)
	at java.base/java.net.URL.openStream(URL.java:1117)
	at org.springframework.boot.context.logging.LoggingApplicationListener.initializeSystem(LoggingApplicationListener.java:294)
	... 19 more
2018-12-02 20:40:47,403 org.springframework.boot.devtools.env.DevToolsPropertyDefaultsPostProcessor [restartedMain] (DeferredLog.java:227) INFO  --> Devtools property defaults active! Set 'spring.devtools.add-properties' to 'false' to disable
2018-12-02 20:40:47,404 org.springframework.boot.devtools.env.DevToolsPropertyDefaultsPostProcessor [restartedMain] (DeferredLog.java:227) INFO  --> For additional web related logging consider setting the 'logging.level.web' property to 'DEBUG'
2018-12-02 20:40:47,410 org.springframework.boot.SpringApplication [restartedMain] (SpringApplication.java:858) ERROR --> Application run failed
java.lang.IllegalStateException: java.io.FileNotFoundException: E:\fm\soft\fm\src\main\resources\log4j.properties (系统找不到指定的文件。)
	at org.springframework.boot.context.logging.LoggingApplicationListener.initializeSystem(LoggingApplicationListener.java:302)
	at org.springframework.boot.context.logging.LoggingApplicationListener.initialize(LoggingApplicationListener.java:263)
	at org.springframework.boot.context.logging.LoggingApplicationListener.onApplicationEnvironmentPreparedEvent(LoggingApplicationListener.java:226)
	at org.springframework.boot.context.logging.LoggingApplicationListener.onApplicationEvent(LoggingApplicationListener.java:199)
	at org.springframework.context.event.SimpleApplicationEventMulticaster.doInvokeListener(SimpleApplicationEventMulticaster.java:172)
	at org.springframework.context.event.SimpleApplicationEventMulticaster.invokeListener(SimpleApplicationEventMulticaster.java:165)
	at org.springframework.context.event.SimpleApplicationEventMulticaster.multicastEvent(SimpleApplicationEventMulticaster.java:139)
	at org.springframework.context.event.SimpleApplicationEventMulticaster.multicastEvent(SimpleApplicationEventMulticaster.java:127)
	at org.springframework.boot.context.event.EventPublishingRunListener.environmentPrepared(EventPublishingRunListener.java:75)
	at org.springframework.boot.SpringApplicationRunListeners.environmentPrepared(SpringApplicationRunListeners.java:54)
	at org.springframework.boot.SpringApplication.prepareEnvironment(SpringApplication.java:347)
	at org.springframework.boot.SpringApplication.run(SpringApplication.java:306)
	at org.springframework.boot.SpringApplication.run(SpringApplication.java:1260)
	at org.springframework.boot.SpringApplication.run(SpringApplication.java:1248)
	at sh.cjc.fm.FmApplication.main(FmApplication.java:12)
	at java.base/jdk.internal.reflect.NativeMethodAccessorImpl.invoke0(Native Method)
	at java.base/jdk.internal.reflect.NativeMethodAccessorImpl.invoke(NativeMethodAccessorImpl.java:62)
	at java.base/jdk.internal.reflect.DelegatingMethodAccessorImpl.invoke(DelegatingMethodAccessorImpl.java:43)
	at java.base/java.lang.reflect.Method.invoke(Method.java:564)
	at org.springframework.boot.devtools.restart.RestartLauncher.run(RestartLauncher.java:49)
Caused by: java.io.FileNotFoundException: E:\fm\soft\fm\src\main\resources\log4j.properties (系统找不到指定的文件。)
	at java.base/java.io.FileInputStream.open0(Native Method)
	at java.base/java.io.FileInputStream.open(FileInputStream.java:196)
	at java.base/java.io.FileInputStream.<init>(FileInputStream.java:139)
	at java.base/java.io.FileInputStream.<init>(FileInputStream.java:94)
	at java.base/sun.net.www.protocol.file.FileURLConnection.connect(FileURLConnection.java:86)
	at java.base/sun.net.www.protocol.file.FileURLConnection.getInputStream(FileURLConnection.java:184)
	at java.base/java.net.URL.openStream(URL.java:1117)
	at org.springframework.boot.context.logging.LoggingApplicationListener.initializeSystem(LoggingApplicationListener.java:294)
	... 19 more
2018-12-02 20:41:06,360 org.springframework.boot.devtools.env.DevToolsPropertyDefaultsPostProcessor [restartedMain] (DeferredLog.java:227) INFO  --> Devtools property defaults active! Set 'spring.devtools.add-properties' to 'false' to disable
2018-12-02 20:41:06,361 org.springframework.boot.devtools.env.DevToolsPropertyDefaultsPostProcessor [restartedMain] (DeferredLog.java:227) INFO  --> For additional web related logging consider setting the 'logging.level.web' property to 'DEBUG'
2018-12-02 20:41:06,406 org.springframework.boot.SpringApplication [restartedMain] (SpringApplication.java:858) ERROR --> Application run failed
java.lang.IllegalStateException: java.io.FileNotFoundException: E:\fm\soft\fm\src\main\resources\log4j.properties (系统找不到指定的文件。)
	at org.springframework.boot.context.logging.LoggingApplicationListener.initializeSystem(LoggingApplicationListener.java:302)
	at org.springframework.boot.context.logging.LoggingApplicationListener.initialize(LoggingApplicationListener.java:263)
	at org.springframework.boot.context.logging.LoggingApplicationListener.onApplicationEnvironmentPreparedEvent(LoggingApplicationListener.java:226)
	at org.springframework.boot.context.logging.LoggingApplicationListener.onApplicationEvent(LoggingApplicationListener.java:199)
	at org.springframework.context.event.SimpleApplicationEventMulticaster.doInvokeListener(SimpleApplicationEventMulticaster.java:172)
	at org.springframework.context.event.SimpleApplicationEventMulticaster.invokeListener(SimpleApplicationEventMulticaster.java:165)
	at org.springframework.context.event.SimpleApplicationEventMulticaster.multicastEvent(SimpleApplicationEventMulticaster.java:139)
	at org.springframework.context.event.SimpleApplicationEventMulticaster.multicastEvent(SimpleApplicationEventMulticaster.java:127)
	at org.springframework.boot.context.event.EventPublishingRunListener.environmentPrepared(EventPublishingRunListener.java:75)
	at org.springframework.boot.SpringApplicationRunListeners.environmentPrepared(SpringApplicationRunListeners.java:54)
	at org.springframework.boot.SpringApplication.prepareEnvironment(SpringApplication.java:347)
	at org.springframework.boot.SpringApplication.run(SpringApplication.java:306)
	at org.springframework.boot.SpringApplication.run(SpringApplication.java:1260)
	at org.springframework.boot.SpringApplication.run(SpringApplication.java:1248)
	at sh.cjc.fm.FmApplication.main(FmApplication.java:12)
	at java.base/jdk.internal.reflect.NativeMethodAccessorImpl.invoke0(Native Method)
	at java.base/jdk.internal.reflect.NativeMethodAccessorImpl.invoke(NativeMethodAccessorImpl.java:62)
	at java.base/jdk.internal.reflect.DelegatingMethodAccessorImpl.invoke(DelegatingMethodAccessorImpl.java:43)
	at java.base/java.lang.reflect.Method.invoke(Method.java:564)
	at org.springframework.boot.devtools.restart.RestartLauncher.run(RestartLauncher.java:49)
Caused by: java.io.FileNotFoundException: E:\fm\soft\fm\src\main\resources\log4j.properties (系统找不到指定的文件。)
	at java.base/java.io.FileInputStream.open0(Native Method)
	at java.base/java.io.FileInputStream.open(FileInputStream.java:196)
	at java.base/java.io.FileInputStream.<init>(FileInputStream.java:139)
	at java.base/java.io.FileInputStream.<init>(FileInputStream.java:94)
	at java.base/sun.net.www.protocol.file.FileURLConnection.connect(FileURLConnection.java:86)
	at java.base/sun.net.www.protocol.file.FileURLConnection.getInputStream(FileURLConnection.java:184)
	at java.base/java.net.URL.openStream(URL.java:1117)
	at org.springframework.boot.context.logging.LoggingApplicationListener.initializeSystem(LoggingApplicationListener.java:294)
	... 19 more
2018-12-02 20:41:34,402 org.springframework.boot.devtools.env.DevToolsPropertyDefaultsPostProcessor [restartedMain] (DeferredLog.java:227) INFO  --> Devtools property defaults active! Set 'spring.devtools.add-properties' to 'false' to disable
2018-12-02 20:41:34,403 org.springframework.boot.devtools.env.DevToolsPropertyDefaultsPostProcessor [restartedMain] (DeferredLog.java:227) INFO  --> For additional web related logging consider setting the 'logging.level.web' property to 'DEBUG'
2018-12-02 20:41:34,414 org.springframework.boot.SpringApplication [restartedMain] (SpringApplication.java:858) ERROR --> Application run failed
java.lang.IllegalStateException: java.io.FileNotFoundException: E:\fm\soft\fm\src\main\resources\log4j.properties (系统找不到指定的文件。)
	at org.springframework.boot.context.logging.LoggingApplicationListener.initializeSystem(LoggingApplicationListener.java:302)
	at org.springframework.boot.context.logging.LoggingApplicationListener.initialize(LoggingApplicationListener.java:263)
	at org.springframework.boot.context.logging.LoggingApplicationListener.onApplicationEnvironmentPreparedEvent(LoggingApplicationListener.java:226)
	at org.springframework.boot.context.logging.LoggingApplicationListener.onApplicationEvent(LoggingApplicationListener.java:199)
	at org.springframework.context.event.SimpleApplicationEventMulticaster.doInvokeListener(SimpleApplicationEventMulticaster.java:172)
	at org.springframework.context.event.SimpleApplicationEventMulticaster.invokeListener(SimpleApplicationEventMulticaster.java:165)
	at org.springframework.context.event.SimpleApplicationEventMulticaster.multicastEvent(SimpleApplicationEventMulticaster.java:139)
	at org.springframework.context.event.SimpleApplicationEventMulticaster.multicastEvent(SimpleApplicationEventMulticaster.java:127)
	at org.springframework.boot.context.event.EventPublishingRunListener.environmentPrepared(EventPublishingRunListener.java:75)
	at org.springframework.boot.SpringApplicationRunListeners.environmentPrepared(SpringApplicationRunListeners.java:54)
	at org.springframework.boot.SpringApplication.prepareEnvironment(SpringApplication.java:347)
	at org.springframework.boot.SpringApplication.run(SpringApplication.java:306)
	at org.springframework.boot.SpringApplication.run(SpringApplication.java:1260)
	at org.springframework.boot.SpringApplication.run(SpringApplication.java:1248)
	at sh.cjc.fm.FmApplication.main(FmApplication.java:12)
	at java.base/jdk.internal.reflect.NativeMethodAccessorImpl.invoke0(Native Method)
	at java.base/jdk.internal.reflect.NativeMethodAccessorImpl.invoke(NativeMethodAccessorImpl.java:62)
	at java.base/jdk.internal.reflect.DelegatingMethodAccessorImpl.invoke(DelegatingMethodAccessorImpl.java:43)
	at java.base/java.lang.reflect.Method.invoke(Method.java:564)
	at org.springframework.boot.devtools.restart.RestartLauncher.run(RestartLauncher.java:49)
Caused by: java.io.FileNotFoundException: E:\fm\soft\fm\src\main\resources\log4j.properties (系统找不到指定的文件。)
	at java.base/java.io.FileInputStream.open0(Native Method)
	at java.base/java.io.FileInputStream.open(FileInputStream.java:196)
	at java.base/java.io.FileInputStream.<init>(FileInputStream.java:139)
	at java.base/java.io.FileInputStream.<init>(FileInputStream.java:94)
	at java.base/sun.net.www.protocol.file.FileURLConnection.connect(FileURLConnection.java:86)
	at java.base/sun.net.www.protocol.file.FileURLConnection.getInputStream(FileURLConnection.java:184)
	at java.base/java.net.URL.openStream(URL.java:1117)
	at org.springframework.boot.context.logging.LoggingApplicationListener.initializeSystem(LoggingApplicationListener.java:294)
	... 19 more
2018-12-02 20:41:48,274 org.springframework.boot.devtools.env.DevToolsPropertyDefaultsPostProcessor [restartedMain] (DeferredLog.java:227) INFO  --> Devtools property defaults active! Set 'spring.devtools.add-properties' to 'false' to disable
2018-12-02 20:41:48,275 org.springframework.boot.devtools.env.DevToolsPropertyDefaultsPostProcessor [restartedMain] (DeferredLog.java:227) INFO  --> For additional web related logging consider setting the 'logging.level.web' property to 'DEBUG'
2018-12-02 20:41:48,291 org.springframework.boot.SpringApplication [restartedMain] (SpringApplication.java:858) ERROR --> Application run failed
java.lang.IllegalStateException: java.io.FileNotFoundException: E:\fm\soft\fm\src\main\resources\log4j.properties (系统找不到指定的文件。)
	at org.springframework.boot.context.logging.LoggingApplicationListener.initializeSystem(LoggingApplicationListener.java:302)
	at org.springframework.boot.context.logging.LoggingApplicationListener.initialize(LoggingApplicationListener.java:263)
	at org.springframework.boot.context.logging.LoggingApplicationListener.onApplicationEnvironmentPreparedEvent(LoggingApplicationListener.java:226)
	at org.springframework.boot.context.logging.LoggingApplicationListener.onApplicationEvent(LoggingApplicationListener.java:199)
	at org.springframework.context.event.SimpleApplicationEventMulticaster.doInvokeListener(SimpleApplicationEventMulticaster.java:172)
	at org.springframework.context.event.SimpleApplicationEventMulticaster.invokeListener(SimpleApplicationEventMulticaster.java:165)
	at org.springframework.context.event.SimpleApplicationEventMulticaster.multicastEvent(SimpleApplicationEventMulticaster.java:139)
	at org.springframework.context.event.SimpleApplicationEventMulticaster.multicastEvent(SimpleApplicationEventMulticaster.java:127)
	at org.springframework.boot.context.event.EventPublishingRunListener.environmentPrepared(EventPublishingRunListener.java:75)
	at org.springframework.boot.SpringApplicationRunListeners.environmentPrepared(SpringApplicationRunListeners.java:54)
	at org.springframework.boot.SpringApplication.prepareEnvironment(SpringApplication.java:347)
	at org.springframework.boot.SpringApplication.run(SpringApplication.java:306)
	at org.springframework.boot.SpringApplication.run(SpringApplication.java:1260)
	at org.springframework.boot.SpringApplication.run(SpringApplication.java:1248)
	at sh.cjc.fm.FmApplication.main(FmApplication.java:12)
	at java.base/jdk.internal.reflect.NativeMethodAccessorImpl.invoke0(Native Method)
	at java.base/jdk.internal.reflect.NativeMethodAccessorImpl.invoke(NativeMethodAccessorImpl.java:62)
	at java.base/jdk.internal.reflect.DelegatingMethodAccessorImpl.invoke(DelegatingMethodAccessorImpl.java:43)
	at java.base/java.lang.reflect.Method.invoke(Method.java:564)
	at org.springframework.boot.devtools.restart.RestartLauncher.run(RestartLauncher.java:49)
Caused by: java.io.FileNotFoundException: E:\fm\soft\fm\src\main\resources\log4j.properties (系统找不到指定的文件。)
	at java.base/java.io.FileInputStream.open0(Native Method)
	at java.base/java.io.FileInputStream.open(FileInputStream.java:196)
	at java.base/java.io.FileInputStream.<init>(FileInputStream.java:139)
	at java.base/java.io.FileInputStream.<init>(FileInputStream.java:94)
	at java.base/sun.net.www.protocol.file.FileURLConnection.connect(FileURLConnection.java:86)
	at java.base/sun.net.www.protocol.file.FileURLConnection.getInputStream(FileURLConnection.java:184)
	at java.base/java.net.URL.openStream(URL.java:1117)
	at org.springframework.boot.context.logging.LoggingApplicationListener.initializeSystem(LoggingApplicationListener.java:294)
	... 19 more
2018-12-02 20:41:54,887 org.springframework.boot.devtools.env.DevToolsPropertyDefaultsPostProcessor [restartedMain] (DeferredLog.java:227) INFO  --> Devtools property defaults active! Set 'spring.devtools.add-properties' to 'false' to disable
2018-12-02 20:41:54,887 org.springframework.boot.devtools.env.DevToolsPropertyDefaultsPostProcessor [restartedMain] (DeferredLog.java:227) INFO  --> For additional web related logging consider setting the 'logging.level.web' property to 'DEBUG'
2018-12-02 20:41:54,892 org.springframework.boot.SpringApplication [restartedMain] (SpringApplication.java:858) ERROR --> Application run failed
java.lang.IllegalStateException: java.io.FileNotFoundException: E:\fm\soft\fm\src\main\resources\log4j.properties (系统找不到指定的文件。)
	at org.springframework.boot.context.logging.LoggingApplicationListener.initializeSystem(LoggingApplicationListener.java:302)
	at org.springframework.boot.context.logging.LoggingApplicationListener.initialize(LoggingApplicationListener.java:263)
	at org.springframework.boot.context.logging.LoggingApplicationListener.onApplicationEnvironmentPreparedEvent(LoggingApplicationListener.java:226)
	at org.springframework.boot.context.logging.LoggingApplicationListener.onApplicationEvent(LoggingApplicationListener.java:199)
	at org.springframework.context.event.SimpleApplicationEventMulticaster.doInvokeListener(SimpleApplicationEventMulticaster.java:172)
	at org.springframework.context.event.SimpleApplicationEventMulticaster.invokeListener(SimpleApplicationEventMulticaster.java:165)
	at org.springframework.context.event.SimpleApplicationEventMulticaster.multicastEvent(SimpleApplicationEventMulticaster.java:139)
	at org.springframework.context.event.SimpleApplicationEventMulticaster.multicastEvent(SimpleApplicationEventMulticaster.java:127)
	at org.springframework.boot.context.event.EventPublishingRunListener.environmentPrepared(EventPublishingRunListener.java:75)
	at org.springframework.boot.SpringApplicationRunListeners.environmentPrepared(SpringApplicationRunListeners.java:54)
	at org.springframework.boot.SpringApplication.prepareEnvironment(SpringApplication.java:347)
	at org.springframework.boot.SpringApplication.run(SpringApplication.java:306)
	at org.springframework.boot.SpringApplication.run(SpringApplication.java:1260)
	at org.springframework.boot.SpringApplication.run(SpringApplication.java:1248)
	at sh.cjc.fm.FmApplication.main(FmApplication.java:12)
	at java.base/jdk.internal.reflect.NativeMethodAccessorImpl.invoke0(Native Method)
	at java.base/jdk.internal.reflect.NativeMethodAccessorImpl.invoke(NativeMethodAccessorImpl.java:62)
	at java.base/jdk.internal.reflect.DelegatingMethodAccessorImpl.invoke(DelegatingMethodAccessorImpl.java:43)
	at java.base/java.lang.reflect.Method.invoke(Method.java:564)
	at org.springframework.boot.devtools.restart.RestartLauncher.run(RestartLauncher.java:49)
Caused by: java.io.FileNotFoundException: E:\fm\soft\fm\src\main\resources\log4j.properties (系统找不到指定的文件。)
	at java.base/java.io.FileInputStream.open0(Native Method)
	at java.base/java.io.FileInputStream.open(FileInputStream.java:196)
	at java.base/java.io.FileInputStream.<init>(FileInputStream.java:139)
	at java.base/java.io.FileInputStream.<init>(FileInputStream.java:94)
	at java.base/sun.net.www.protocol.file.FileURLConnection.connect(FileURLConnection.java:86)
	at java.base/sun.net.www.protocol.file.FileURLConnection.getInputStream(FileURLConnection.java:184)
	at java.base/java.net.URL.openStream(URL.java:1117)
	at org.springframework.boot.context.logging.LoggingApplicationListener.initializeSystem(LoggingApplicationListener.java:294)
	... 19 more
2018-12-02 20:42:06,722 org.springframework.boot.devtools.env.DevToolsPropertyDefaultsPostProcessor [restartedMain] (DeferredLog.java:227) INFO  --> Devtools property defaults active! Set 'spring.devtools.add-properties' to 'false' to disable
2018-12-02 20:42:06,723 org.springframework.boot.devtools.env.DevToolsPropertyDefaultsPostProcessor [restartedMain] (DeferredLog.java:227) INFO  --> For additional web related logging consider setting the 'logging.level.web' property to 'DEBUG'
2018-12-02 20:42:06,739 org.springframework.boot.SpringApplication [restartedMain] (SpringApplication.java:858) ERROR --> Application run failed
java.lang.IllegalStateException: java.io.FileNotFoundException: E:\fm\soft\fm\src\main\resources\log4j.properties (系统找不到指定的文件。)
	at org.springframework.boot.context.logging.LoggingApplicationListener.initializeSystem(LoggingApplicationListener.java:302)
	at org.springframework.boot.context.logging.LoggingApplicationListener.initialize(LoggingApplicationListener.java:263)
	at org.springframework.boot.context.logging.LoggingApplicationListener.onApplicationEnvironmentPreparedEvent(LoggingApplicationListener.java:226)
	at org.springframework.boot.context.logging.LoggingApplicationListener.onApplicationEvent(LoggingApplicationListener.java:199)
	at org.springframework.context.event.SimpleApplicationEventMulticaster.doInvokeListener(SimpleApplicationEventMulticaster.java:172)
	at org.springframework.context.event.SimpleApplicationEventMulticaster.invokeListener(SimpleApplicationEventMulticaster.java:165)
	at org.springframework.context.event.SimpleApplicationEventMulticaster.multicastEvent(SimpleApplicationEventMulticaster.java:139)
	at org.springframework.context.event.SimpleApplicationEventMulticaster.multicastEvent(SimpleApplicationEventMulticaster.java:127)
	at org.springframework.boot.context.event.EventPublishingRunListener.environmentPrepared(EventPublishingRunListener.java:75)
	at org.springframework.boot.SpringApplicationRunListeners.environmentPrepared(SpringApplicationRunListeners.java:54)
	at org.springframework.boot.SpringApplication.prepareEnvironment(SpringApplication.java:347)
	at org.springframework.boot.SpringApplication.run(SpringApplication.java:306)
	at org.springframework.boot.SpringApplication.run(SpringApplication.java:1260)
	at org.springframework.boot.SpringApplication.run(SpringApplication.java:1248)
	at sh.cjc.fm.FmApplication.main(FmApplication.java:12)
	at java.base/jdk.internal.reflect.NativeMethodAccessorImpl.invoke0(Native Method)
	at java.base/jdk.internal.reflect.NativeMethodAccessorImpl.invoke(NativeMethodAccessorImpl.java:62)
	at java.base/jdk.internal.reflect.DelegatingMethodAccessorImpl.invoke(DelegatingMethodAccessorImpl.java:43)
	at java.base/java.lang.reflect.Method.invoke(Method.java:564)
	at org.springframework.boot.devtools.restart.RestartLauncher.run(RestartLauncher.java:49)
Caused by: java.io.FileNotFoundException: E:\fm\soft\fm\src\main\resources\log4j.properties (系统找不到指定的文件。)
	at java.base/java.io.FileInputStream.open0(Native Method)
	at java.base/java.io.FileInputStream.open(FileInputStream.java:196)
	at java.base/java.io.FileInputStream.<init>(FileInputStream.java:139)
	at java.base/java.io.FileInputStream.<init>(FileInputStream.java:94)
	at java.base/sun.net.www.protocol.file.FileURLConnection.connect(FileURLConnection.java:86)
	at java.base/sun.net.www.protocol.file.FileURLConnection.getInputStream(FileURLConnection.java:184)
	at java.base/java.net.URL.openStream(URL.java:1117)
	at org.springframework.boot.context.logging.LoggingApplicationListener.initializeSystem(LoggingApplicationListener.java:294)
	... 19 more
